<?xml version="1.0" encoding="UTF-8"?>
<testsuite name="com.sii.java.codingtask.user.NewUserValidatorTest" tests="4" skipped="0" failures="0" errors="0" timestamp="2025-10-01T18:58:46" hostname="polpc10556" time="0.002">
  <properties/>
  <testcase name="shouldThrowExceptionLastNameIsEmpty()" classname="com.sii.java.codingtask.user.NewUserValidatorTest" time="0.001"/>
  <testcase name="shouldNotThrowExceptionUserIsValid()" classname="com.sii.java.codingtask.user.NewUserValidatorTest" time="0.0"/>
  <testcase name="shouldThrowExceptionBalanceIsNull()" classname="com.sii.java.codingtask.user.NewUserValidatorTest" time="0.0"/>
  <testcase name="shouldThrowExceptionFirstNameIsEmpty()" classname="com.sii.java.codingtask.user.NewUserValidatorTest" time="0.001"/>
  <system-out><![CDATA[]]></system-out>
  <system-err><![CDATA[]]></system-err>
</testsuite>
