<?xml version="1.0" encoding="UTF-8"?>
<testsuite name="com.sii.java.codingtask.user.UserControllerTest" tests="3" skipped="0" failures="0" errors="0" timestamp="2025-10-01T18:58:46" hostname="polpc10556" time="0.002">
  <properties/>
  <testcase name="shouldAddNewUserAndReturnCreatedUserId()" classname="com.sii.java.codingtask.user.UserControllerTest" time="0.001"/>
  <testcase name="shouldReturnNullBecauseUserIsDeleted()" classname="com.sii.java.codingtask.user.UserControllerTest" time="0.0"/>
  <testcase name="shouldReturnTwoAddedUsers()" classname="com.sii.java.codingtask.user.UserControllerTest" time="0.001"/>
  <system-out><![CDATA[2025-10-01 20:58:46.956 DEBUG 80811 --- [    Test worker] c.s.java.codingtask.user.UserController  : Created new user with id: 1
2025-10-01 20:58:46.956 DEBUG 80811 --- [    Test worker] c.s.java.codingtask.user.UserController  : delete user with id: 1
]]></system-out>
  <system-err><![CDATA[]]></system-err>
</testsuite>
